<?xml version="1.0" encoding="UTF-8"?>
<!-- Generated by org.testng.reporters.JUnitReportReporter -->
<testsuite hostname="DESKTOP-9J9NHC2" failures="0" tests="1" name="com.careerhack.runners.TestRunner" time="0.193" errors="0" timestamp="20 Mar 2022 20:18:43 GMT" skipped="0">
  <testcase classname="com.careerhack.runners.TestRunner" name="feature" time="0.193"/>
</testsuite> <!-- com.careerhack.runners.TestRunner -->
